<?xml version="1.0" encoding="UTF-8"?>
<!-- Generated by org.testng.reporters.JUnitXMLReporter -->
<testsuite ignored="0" hostname="NTP-LAP-869" failures="0" tests="3" name="Default test" time="14.113" errors="0" timestamp="2022-12-16T07:45:57 IST">
  <testcase classname="com.tech.test.EmployeeTest" name="verifyLogin" time="3.259"/>
  <testcase classname="com.tech.test.EmployeeTest" name="verifyEmployeeList" time="2.798"/>
  <testcase classname="com.tech.test.EmployeeTest" name="verifyAddEmployee" time="7.986"/>
</testsuite> <!-- Default test -->
